2024.08.10 08:16:05 INFO  Started: Metals version 1.3.5 in folders 'D:\Academic\Scala\Practical\Day8' for client Visual Studio Code 1.92.0.
SLF4J(W): Class path contains multiple SLF4J providers.
SLF4J(W): Found provider [scribe.slf4j.ScribeServiceProvider@d24f194]
SLF4J(W): Found provider [ch.qos.logback.classic.spi.LogbackServiceProvider@662776ad]
SLF4J(W): See https://www.slf4j.org/codes.html#multiple_bindings for an explanation.
SLF4J(I): Actual provider is of type [scribe.slf4j.ScribeServiceProvider@d24f194]
2024.08.10 08:16:06 WARN  Flyway upgrade recommended: H2 2.3.230 is newer than this version of Flyway and support has not been tested. The latest supported version of H2 is 2.2.220.
2024.08.10 08:16:06 INFO  no build target found for D:\Academic\Scala\Practical\Day8\Q1.scala. Using presentation compiler with project's scala-library version: 3.3.3
Aug 10, 2024 8:16:19 AM org.eclipse.lsp4j.jsonrpc.RemoteEndpoint handleCancellation
WARNING: Unmatched cancel notification for request id 3
2024.08.10 08:16:19 INFO  no build target found for D:\Academic\Scala\Practical\Day8\Q1.scala. Using presentation compiler with project's scala-library version: 3.3.3
Aug 10, 2024 8:16:20 AM org.eclipse.lsp4j.jsonrpc.RemoteEndpoint handleCancellation
WARNING: Unmatched cancel notification for request id 1
2024.08.10 08:16:20 WARN  no build target for: D:\Academic\Scala\Practical\Day8\Q1.scala
2024.08.10 08:16:20 INFO  no build target found for D:\Academic\Scala\Practical\Day8\Q1.scala. Using presentation compiler with project's scala-library version: 3.3.3
2024.08.10 08:16:23 INFO  Running List(C:\Users\DELL\AppData\Local\Coursier\data\bin\scala-cli.BAT, setup-ide, D:\Academic\Scala\Practical\Day8)
2024.08.10 08:16:24 INFO  Attempting to connect to the build server...
2024.08.10 08:16:24 INFO  Running BSP server List(C:\Users\DELL\AppData\Local\Coursier\data\bin\.scala-cli.aux.exe, bsp, --json-options, D:\Academic\Scala\Practical\Day8\.scala-build\ide-options-v2.json, --json-launcher-options, D:\Academic\Scala\Practical\Day8\.scala-build\ide-launcher-options.json, --envs-file, D:\Academic\Scala\Practical\Day8\.scala-build\ide-envs.json, D:\Academic\Scala\Practical\Day8)
2024.08.10 08:16:26 INFO  tracing is disabled for protocol BSP, to enable tracing of incoming and outgoing JSON messages create an empty file at D:\Academic\Scala\Practical\Day8\.metals\bsp.trace.json or C:\Users\DELL\AppData\Local\scalameta\metals\cache\bsp.trace.json
2024.08.10 08:16:34 INFO  BSP server: Starting compilation server
2024.08.10 08:16:37 INFO  no build target found for D:\Academic\Scala\Practical\Day8\Q1.scala. Using presentation compiler with project's scala-library version: 3.3.3
2024.08.10 08:16:37 INFO  no build target found for D:\Academic\Scala\Practical\Day8\Q1.scala. Using presentation compiler with project's scala-library version: 3.3.3
2024.08.10 08:16:40 INFO  no build target found for D:\Academic\Scala\Practical\Day8\Q1.scala. Using presentation compiler with project's scala-library version: 3.3.3
2024.08.10 08:16:40 INFO  no build target found for D:\Academic\Scala\Practical\Day8\Q1.scala. Using presentation compiler with project's scala-library version: 3.3.3
2024.08.10 08:16:42 INFO  no build target found for D:\Academic\Scala\Practical\Day8\Q1.scala. Using presentation compiler with project's scala-library version: 3.3.3
2024.08.10 08:16:42 INFO  no build target found for D:\Academic\Scala\Practical\Day8\Q1.scala. Using presentation compiler with project's scala-library version: 3.3.3
2024.08.10 08:16:42 INFO  no build target found for D:\Academic\Scala\Practical\Day8\Q1.scala. Using presentation compiler with project's scala-library version: 3.3.3
2024.08.10 08:16:43 INFO  no build target found for D:\Academic\Scala\Practical\Day8\Q1.scala. Using presentation compiler with project's scala-library version: 3.3.3
2024.08.10 08:16:43 INFO  no build target found for D:\Academic\Scala\Practical\Day8\Q1.scala. Using presentation compiler with project's scala-library version: 3.3.3
2024.08.10 08:16:46 INFO  no build target found for D:\Academic\Scala\Practical\Day8\Q1.scala. Using presentation compiler with project's scala-library version: 3.3.3
Aug 10, 2024 8:16:46 AM org.eclipse.lsp4j.jsonrpc.RemoteEndpoint handleCancellation
WARNING: Unmatched cancel notification for request id 45
2024.08.10 08:16:46 INFO  no build target found for D:\Academic\Scala\Practical\Day8\Q1.scala. Using presentation compiler with project's scala-library version: 3.3.3
2024.08.10 08:16:46 INFO  no build target found for D:\Academic\Scala\Practical\Day8\Q1.scala. Using presentation compiler with project's scala-library version: 3.3.3
2024.08.10 08:16:46 INFO  no build target found for D:\Academic\Scala\Practical\Day8\Q1.scala. Using presentation compiler with project's scala-library version: 3.3.3
2024.08.10 08:16:47 INFO  no build target found for D:\Academic\Scala\Practical\Day8\Q1.scala. Using presentation compiler with project's scala-library version: 3.3.3
2024.08.10 08:16:47 INFO  no build target found for D:\Academic\Scala\Practical\Day8\Q1.scala. Using presentation compiler with project's scala-library version: 3.3.3
2024.08.10 08:16:47 INFO  no build target found for D:\Academic\Scala\Practical\Day8\Q1.scala. Using presentation compiler with project's scala-library version: 3.3.3
2024.08.10 08:16:47 INFO  no build target found for D:\Academic\Scala\Practical\Day8\Q1.scala. Using presentation compiler with project's scala-library version: 3.3.3
2024.08.10 08:16:47 INFO  no build target found for D:\Academic\Scala\Practical\Day8\Q1.scala. Using presentation compiler with project's scala-library version: 3.3.3
2024.08.10 08:16:48 INFO  no build target found for D:\Academic\Scala\Practical\Day8\Q1.scala. Using presentation compiler with project's scala-library version: 3.3.3
2024.08.10 08:16:48 INFO  no build target found for D:\Academic\Scala\Practical\Day8\Q1.scala. Using presentation compiler with project's scala-library version: 3.3.3
2024.08.10 08:16:48 INFO  no build target found for D:\Academic\Scala\Practical\Day8\Q1.scala. Using presentation compiler with project's scala-library version: 3.3.3
2024.08.10 08:16:48 INFO  no build target found for D:\Academic\Scala\Practical\Day8\Q1.scala. Using presentation compiler with project's scala-library version: 3.3.3
2024.08.10 08:16:50 INFO  no build target found for D:\Academic\Scala\Practical\Day8\Q1.scala. Using presentation compiler with project's scala-library version: 3.3.3
2024.08.10 08:16:50 INFO  no build target found for D:\Academic\Scala\Practical\Day8\Q1.scala. Using presentation compiler with project's scala-library version: 3.3.3
2024.08.10 08:16:51 INFO  no build target found for D:\Academic\Scala\Practical\Day8\Q1.scala. Using presentation compiler with project's scala-library version: 3.3.3
2024.08.10 08:16:54 INFO  no build target found for D:\Academic\Scala\Practical\Day8\Q1.scala. Using presentation compiler with project's scala-library version: 3.3.3
2024.08.10 08:16:54 INFO  no build target found for D:\Academic\Scala\Practical\Day8\Q1.scala. Using presentation compiler with project's scala-library version: 3.3.3
2024.08.10 08:16:54 INFO  time: Connected to build server in 29s
2024.08.10 08:16:54 INFO  Connected to Build server: scala-cli v1.3.2
2024.08.10 08:16:54 INFO  no build target found for D:\Academic\Scala\Practical\Day8\Q1.scala. Using presentation compiler with project's scala-library version: 3.3.3
2024.08.10 08:16:54 INFO  no build target found for D:\Academic\Scala\Practical\Day8\Q1.scala. Using presentation compiler with project's scala-library version: 3.3.3
2024.08.10 08:16:55 INFO  no build target found for D:\Academic\Scala\Practical\Day8\Q1.scala. Using presentation compiler with project's scala-library version: 3.3.3
2024.08.10 08:16:55 INFO  no build target found for D:\Academic\Scala\Practical\Day8\Q1.scala. Using presentation compiler with project's scala-library version: 3.3.3
2024.08.10 08:16:56 INFO  no build target found for D:\Academic\Scala\Practical\Day8\Q1.scala. Using presentation compiler with project's scala-library version: 3.3.3
2024.08.10 08:16:56 INFO  no build target found for D:\Academic\Scala\Practical\Day8\Q1.scala. Using presentation compiler with project's scala-library version: 3.3.3
2024.08.10 08:16:56 INFO  no build target found for D:\Academic\Scala\Practical\Day8\Q1.scala. Using presentation compiler with project's scala-library version: 3.3.3
2024.08.10 08:16:56 INFO  no build target found for D:\Academic\Scala\Practical\Day8\Q1.scala. Using presentation compiler with project's scala-library version: 3.3.3
2024.08.10 08:16:57 INFO  compiling day8_f4dd477a3a (1 scala source)
2024.08.10 08:16:56 INFO  no build target found for D:\Academic\Scala\Practical\Day8\Q1.scala. Using presentation compiler with project's scala-library version: 3.3.3
2024.08.10 08:16:56 INFO  no build target found for D:\Academic\Scala\Practical\Day8\Q1.scala. Using presentation compiler with project's scala-library version: 3.3.3
Aug 10, 2024 8:16:57 AM org.eclipse.lsp4j.jsonrpc.RemoteEndpoint handleCancellation
WARNING: Unmatched cancel notification for request id 106
2024.08.10 08:16:58 INFO  no build target found for D:\Academic\Scala\Practical\Day8\Q1.scala. Using presentation compiler with project's scala-library version: 3.3.3
2024.08.10 08:16:58 INFO  no build target found for D:\Academic\Scala\Practical\Day8\Q1.scala. Using presentation compiler with project's scala-library version: 3.3.3
2024.08.10 08:17:00 INFO  no build target found for D:\Academic\Scala\Practical\Day8\Q1.scala. Using presentation compiler with project's scala-library version: 3.3.3
2024.08.10 08:17:00 INFO  no build target found for D:\Academic\Scala\Practical\Day8\Q1.scala. Using presentation compiler with project's scala-library version: 3.3.3
2024.08.10 08:17:02 INFO  no build target found for D:\Academic\Scala\Practical\Day8\Q1.scala. Using presentation compiler with project's scala-library version: 3.3.3
2024.08.10 08:17:02 INFO  no build target found for D:\Academic\Scala\Practical\Day8\Q1.scala. Using presentation compiler with project's scala-library version: 3.3.3
2024.08.10 08:17:02 INFO  time: Imported build in 7.3s
2024.08.10 08:17:02 INFO  running doctor check
2024.08.10 08:17:02 INFO  java targets: Day8_f4dd477a3a-test, Day8_f4dd477a3a
2024.08.10 08:17:02 INFO  compiling day8_f4dd477a3a (1 scala source)
2024.08.10 08:17:02 INFO  time: compiled Day8_f4dd477a3a in 0.38s
2024.08.10 08:17:12 WARN  Flyway upgrade recommended: H2 2.3.230 is newer than this version of Flyway and support has not been tested. The latest supported version of H2 is 2.2.220.
2024.08.10 08:17:16 INFO  time: indexed workspace in 13s
2024.08.10 08:17:16 INFO  compiling day8_f4dd477a3a (1 scala source)
2024.08.10 08:17:16 INFO  time: compiled Day8_f4dd477a3a in 0.27s
2024.08.10 08:17:17 INFO  compiling day8_f4dd477a3a (1 scala source)
2024.08.10 08:17:17 INFO  time: compiled Day8_f4dd477a3a in 0.26s
2024.08.10 08:17:23 INFO  compiling day8_f4dd477a3a (1 scala source)
2024.08.10 08:17:23 INFO  time: compiled Day8_f4dd477a3a in 0.19s
2024.08.10 08:17:32 INFO  compiling day8_f4dd477a3a (1 scala source)
2024.08.10 08:17:32 INFO  time: compiled Day8_f4dd477a3a in 0.31s
2024.08.10 08:17:36 INFO  compiling day8_f4dd477a3a (1 scala source)
2024.08.10 08:17:38 INFO  time: compiled Day8_f4dd477a3a in 2.46s
2024.08.10 08:45:36 INFO  time: code lens generation in 1.06s
2024.08.10 08:45:38 INFO  compiling day8_f4dd477a3a (1 scala source)
2024.08.10 08:45:40 INFO  time: compiled Day8_f4dd477a3a in 2.14s
Aug 10, 2024 8:45:50 AM org.eclipse.lsp4j.jsonrpc.RemoteEndpoint handleCancellation
WARNING: Unmatched cancel notification for request id 351
Aug 10, 2024 8:45:51 AM org.eclipse.lsp4j.jsonrpc.RemoteEndpoint handleCancellation
WARNING: Unmatched cancel notification for request id 356
2024.08.10 08:45:57 WARN  Could not load snapshot text for D:\Academic\Scala\Practical\Day8\Q1.scala
2024.08.10 08:45:58 INFO  compiling day8_f4dd477a3a (1 scala source)
2024.08.10 08:46:00 WARN  Could not load snapshot text for D:\Academic\Scala\Practical\Day8\Q1.scala
2024.08.10 08:46:01 INFO  time: compiled Day8_f4dd477a3a in 3.42s
2024.08.10 08:46:02 WARN  Could not load snapshot text for D:\Academic\Scala\Practical\Day8\Q1.scala
2024.08.10 08:46:23 WARN  Could not load snapshot text for D:\Academic\Scala\Practical\Day8\Q1.scala
2024.08.10 08:46:27 WARN  Could not load snapshot text for D:\Academic\Scala\Practical\Day8\Q1.scala
2024.08.10 08:46:28 WARN  Could not load snapshot text for D:\Academic\Scala\Practical\Day8\Q1.scala
2024.08.10 08:46:28 WARN  Could not load snapshot text for D:\Academic\Scala\Practical\Day8\Q1.scala
2024.08.10 08:46:28 WARN  Could not load snapshot text for D:\Academic\Scala\Practical\Day8\Q1.scala
2024.08.10 08:46:29 WARN  Could not load snapshot text for D:\Academic\Scala\Practical\Day8\Q1.scala
2024.08.10 08:46:31 WARN  Could not load snapshot text for D:\Academic\Scala\Practical\Day8\Q1.scala
2024.08.10 08:46:31 WARN  Could not load snapshot text for D:\Academic\Scala\Practical\Day8\Q1.scala
2024.08.10 08:46:32 WARN  Could not load snapshot text for D:\Academic\Scala\Practical\Day8\Q1.scala
2024.08.10 08:46:33 WARN  Could not load snapshot text for D:\Academic\Scala\Practical\Day8\Q1.scala
2024.08.10 08:46:36 WARN  Could not load snapshot text for D:\Academic\Scala\Practical\Day8\Q1.scala
2024.08.10 08:46:41 WARN  Could not load snapshot text for D:\Academic\Scala\Practical\Day8\Q1.scala
Aug 10, 2024 8:46:41 AM org.eclipse.lsp4j.jsonrpc.RemoteEndpoint handleCancellation
WARNING: Unmatched cancel notification for request id 438
2024.08.10 08:46:42 WARN  Could not load snapshot text for D:\Academic\Scala\Practical\Day8\Q1.scala
2024.08.10 08:46:42 WARN  Could not load snapshot text for D:\Academic\Scala\Practical\Day8\Q1.scala
2024.08.10 08:46:43 WARN  Could not load snapshot text for D:\Academic\Scala\Practical\Day8\Q1.scala
2024.08.10 08:46:44 WARN  Could not load snapshot text for D:\Academic\Scala\Practical\Day8\Q1.scala
2024.08.10 08:46:45 WARN  Could not load snapshot text for D:\Academic\Scala\Practical\Day8\Q1.scala
2024.08.10 08:46:48 WARN  Could not load snapshot text for D:\Academic\Scala\Practical\Day8\Q1.scala
2024.08.10 08:46:49 WARN  Could not load snapshot text for D:\Academic\Scala\Practical\Day8\Q1.scala
2024.08.10 08:46:50 WARN  Could not load snapshot text for D:\Academic\Scala\Practical\Day8\Q1.scala
2024.08.10 08:46:52 WARN  Could not load snapshot text for D:\Academic\Scala\Practical\Day8\Q1.scala
Aug 10, 2024 8:46:52 AM org.eclipse.lsp4j.jsonrpc.RemoteEndpoint handleCancellation
WARNING: Unmatched cancel notification for request id 495
2024.08.10 08:46:52 WARN  Could not load snapshot text for D:\Academic\Scala\Practical\Day8\Q1.scala
2024.08.10 08:46:53 WARN  Could not load snapshot text for D:\Academic\Scala\Practical\Day8\Q1.scala
2024.08.10 08:46:57 WARN  Could not load snapshot text for D:\Academic\Scala\Practical\Day8\Q1.scala
2024.08.10 08:46:57 WARN  Could not load snapshot text for D:\Academic\Scala\Practical\Day8\Q1.scala
2024.08.10 08:46:59 WARN  Could not load snapshot text for D:\Academic\Scala\Practical\Day8\Q1.scala
2024.08.10 08:47:00 WARN  Could not load snapshot text for D:\Academic\Scala\Practical\Day8\Q1.scala
2024.08.10 08:47:00 WARN  Could not load snapshot text for D:\Academic\Scala\Practical\Day8\Q1.scala
2024.08.10 08:47:01 WARN  Could not load snapshot text for D:\Academic\Scala\Practical\Day8\Q1.scala
2024.08.10 08:47:02 WARN  Could not load snapshot text for D:\Academic\Scala\Practical\Day8\Q1.scala
2024.08.10 08:47:02 WARN  Could not load snapshot text for D:\Academic\Scala\Practical\Day8\Q1.scala
2024.08.10 08:47:03 WARN  Could not load snapshot text for D:\Academic\Scala\Practical\Day8\Q1.scala
2024.08.10 08:47:04 WARN  Could not load snapshot text for D:\Academic\Scala\Practical\Day8\Q1.scala
2024.08.10 08:47:09 INFO  compiling day8_f4dd477a3a (1 scala source)
2024.08.10 08:47:09 INFO  time: compiled Day8_f4dd477a3a in 0.32s
2024.08.10 08:47:09 WARN  Could not load snapshot text for D:\Academic\Scala\Practical\Day8\Q1.scala
2024.08.10 08:47:15 WARN  Could not load snapshot text for D:\Academic\Scala\Practical\Day8\Q1.scala
2024.08.10 08:47:15 WARN  Could not load snapshot text for D:\Academic\Scala\Practical\Day8\Q1.scala
2024.08.10 08:47:16 WARN  Could not load snapshot text for D:\Academic\Scala\Practical\Day8\Q1.scala
2024.08.10 08:47:21 WARN  Could not load snapshot text for D:\Academic\Scala\Practical\Day8\Q1.scala
2024.08.10 08:47:22 WARN  Could not load snapshot text for D:\Academic\Scala\Practical\Day8\Q1.scala
2024.08.10 08:47:21 WARN  Could not load snapshot text for D:\Academic\Scala\Practical\Day8\Q1.scala
2024.08.10 08:47:23 WARN  Could not load snapshot text for D:\Academic\Scala\Practical\Day8\Q1.scala
2024.08.10 08:47:23 WARN  Could not load snapshot text for D:\Academic\Scala\Practical\Day8\Q1.scala
2024.08.10 08:47:24 WARN  Could not load snapshot text for D:\Academic\Scala\Practical\Day8\Q1.scala
2024.08.10 08:47:26 WARN  Could not load snapshot text for D:\Academic\Scala\Practical\Day8\Q1.scala
2024.08.10 08:47:26 WARN  Could not load snapshot text for D:\Academic\Scala\Practical\Day8\Q1.scala
2024.08.10 08:47:27 WARN  Could not load snapshot text for D:\Academic\Scala\Practical\Day8\Q1.scala
2024.08.10 08:47:28 WARN  Could not load snapshot text for D:\Academic\Scala\Practical\Day8\Q1.scala
2024.08.10 08:47:29 WARN  Could not load snapshot text for D:\Academic\Scala\Practical\Day8\Q1.scala
2024.08.10 08:47:29 WARN  Could not load snapshot text for D:\Academic\Scala\Practical\Day8\Q1.scala
2024.08.10 08:47:29 WARN  Could not load snapshot text for D:\Academic\Scala\Practical\Day8\Q1.scala
2024.08.10 08:47:31 WARN  Could not load snapshot text for D:\Academic\Scala\Practical\Day8\Q1.scala
2024.08.10 08:47:31 WARN  Could not load snapshot text for D:\Academic\Scala\Practical\Day8\Q1.scala
2024.08.10 08:47:33 WARN  Could not load snapshot text for D:\Academic\Scala\Practical\Day8\Q1.scala
2024.08.10 08:47:36 WARN  Could not load snapshot text for D:\Academic\Scala\Practical\Day8\Q1.scala
2024.08.10 08:47:37 WARN  Could not load snapshot text for D:\Academic\Scala\Practical\Day8\Q1.scala
2024.08.10 08:47:40 WARN  Could not load snapshot text for D:\Academic\Scala\Practical\Day8\Q1.scala
2024.08.10 08:47:41 WARN  Could not load snapshot text for D:\Academic\Scala\Practical\Day8\Q1.scala
2024.08.10 08:47:42 WARN  Could not load snapshot text for D:\Academic\Scala\Practical\Day8\Q1.scala
2024.08.10 08:47:45 WARN  Could not load snapshot text for D:\Academic\Scala\Practical\Day8\Q1.scala
2024.08.10 08:47:45 WARN  Could not load snapshot text for D:\Academic\Scala\Practical\Day8\Q1.scala
2024.08.10 08:47:46 WARN  Could not load snapshot text for D:\Academic\Scala\Practical\Day8\Q1.scala
2024.08.10 08:47:47 WARN  Could not load snapshot text for D:\Academic\Scala\Practical\Day8\Q1.scala
2024.08.10 08:47:48 WARN  Could not load snapshot text for D:\Academic\Scala\Practical\Day8\Q1.scala
2024.08.10 08:47:51 WARN  Could not load snapshot text for D:\Academic\Scala\Practical\Day8\Q1.scala
2024.08.10 08:48:23 WARN  Could not load snapshot text for D:\Academic\Scala\Practical\Day8\Q1.scala
2024.08.10 08:48:23 INFO  compiling day8_f4dd477a3a (1 scala source)
2024.08.10 08:48:24 INFO  time: compiled Day8_f4dd477a3a in 1.32s
2024.08.10 08:48:25 WARN  Could not load snapshot text for D:\Academic\Scala\Practical\Day8\Q1.scala
2024.08.10 08:49:19 WARN  Could not load snapshot text for D:\Academic\Scala\Practical\Day8\Q1.scala
2024.08.10 08:58:22 WARN  Could not load snapshot text for D:\Academic\Scala\Practical\Day8\Q1.scala
2024.08.10 08:58:24 WARN  Could not load snapshot text for D:\Academic\Scala\Practical\Day8\Q1.scala
2024.08.10 08:58:34 INFO  file:///D:/Academic/Scala/Practical/Day8/Q1.scala:2:13: stale bloop error: Found:    Char => Unit
Required: Char => Char
> {char =>
>         if(char.isLetter){
>             val base = if(char.isUpper) 'A' else 'a'
>             
>         }
> 
>     }
2024.08.10 08:58:34 WARN  Could not load snapshot text for D:\Academic\Scala\Practical\Day8\Q1.scala
2024.08.10 08:58:56 WARN  Could not load snapshot text for D:\Academic\Scala\Practical\Day8\Q1.scala
2024.08.10 08:58:58 INFO  compiling day8_f4dd477a3a (1 scala source)
2024.08.10 08:58:59 INFO  time: compiled Day8_f4dd477a3a in 1.18s
2024.08.10 08:59:42 INFO  compiling day8_f4dd477a3a (1 scala source)
2024.08.10 08:59:44 INFO  time: compiled Day8_f4dd477a3a in 1.27s
2024.08.10 09:14:20 INFO  compiling day8_f4dd477a3a (1 scala source)
2024.08.10 09:14:22 INFO  time: compiled Day8_f4dd477a3a in 1.77s
Aug 10, 2024 9:16:50 AM org.eclipse.lsp4j.jsonrpc.RemoteEndpoint handleCancellation
WARNING: Unmatched cancel notification for request id 939
Aug 10, 2024 9:39:30 AM org.eclipse.lsp4j.jsonrpc.RemoteEndpoint handleCancellation
WARNING: Unmatched cancel notification for request id 980
2024.08.10 09:39:34 INFO  compiling day8_f4dd477a3a (1 scala source)
2024.08.10 09:39:35 INFO  time: compiled Day8_f4dd477a3a in 1.36s
Aug 10, 2024 9:40:01 AM org.eclipse.lsp4j.jsonrpc.RemoteEndpoint handleCancellation
WARNING: Unmatched cancel notification for request id 992
2024.08.10 09:47:56 INFO  no build target found for D:\Academic\Scala\Practical\Day8\Q2.scala. Using presentation compiler with project's scala-library version: 3.3.3
2024.08.10 09:47:57 INFO  compiling day8_f4dd477a3a (1 scala source)
2024.08.10 09:47:58 INFO  time: compiled Day8_f4dd477a3a in 1.06s
2024.08.10 09:47:58 INFO  time: Imported build in 1.37s
2024.08.10 09:47:58 INFO  no build target found for D:\Academic\Scala\Practical\Day8\Q2.scala. Using presentation compiler with project's scala-library version: 3.3.3
2024.08.10 09:47:58 INFO  running doctor check
2024.08.10 09:47:58 INFO  java targets: Day8_f4dd477a3a-test, Day8_f4dd477a3a
2024.08.10 09:47:58 INFO  time: code lens generation in 2.1s
2024.08.10 09:48:01 INFO  time: indexed workspace in 3.61s
2024.08.10 09:48:44 INFO  compiling day8_f4dd477a3a (1 scala source)
2024.08.10 09:48:44 INFO  time: compiled Day8_f4dd477a3a in 0.28s
Aug 10, 2024 9:48:49 AM org.eclipse.lsp4j.jsonrpc.RemoteEndpoint handleCancellation
WARNING: Unmatched cancel notification for request id 1119
2024.08.10 09:49:15 INFO  compiling day8_f4dd477a3a (1 scala source)
2024.08.10 09:49:15 INFO  time: compiled Day8_f4dd477a3a in 0.19s
2024.08.10 09:51:25 INFO  compiling day8_f4dd477a3a (1 scala source)
2024.08.10 09:51:25 INFO  time: compiled Day8_f4dd477a3a in 0.57s
2024.08.10 09:52:22 INFO  compiling day8_f4dd477a3a (1 scala source)
2024.08.10 09:52:22 INFO  time: compiled Day8_f4dd477a3a in 0.35s
2024.08.10 09:53:03 INFO  compiling day8_f4dd477a3a (1 scala source)
2024.08.10 09:53:03 INFO  time: compiled Day8_f4dd477a3a in 0.33s
2024.08.10 09:54:09 INFO  compiling day8_f4dd477a3a (1 scala source)
2024.08.10 09:54:09 INFO  time: compiled Day8_f4dd477a3a in 0.32s
2024.08.13 08:28:10 INFO  Started: Metals version 1.3.5 in folders 'D:\Academic\Scala\Practical\Day8' for client Visual Studio Code 1.92.0.
SLF4J(W): Class path contains multiple SLF4J providers.
SLF4J(W): Found provider [scribe.slf4j.ScribeServiceProvider@734cb33b]
SLF4J(W): Found provider [ch.qos.logback.classic.spi.LogbackServiceProvider@26e43ba6]
SLF4J(W): See https://www.slf4j.org/codes.html#multiple_bindings for an explanation.
SLF4J(I): Actual provider is of type [scribe.slf4j.ScribeServiceProvider@734cb33b]
2024.08.13 08:28:15 WARN  Flyway upgrade recommended: H2 2.3.230 is newer than this version of Flyway and support has not been tested. The latest supported version of H2 is 2.2.220.
2024.08.13 08:28:18 INFO  Attempting to connect to the build server...
2024.08.13 08:28:18 INFO  Running BSP server List(C:\Users\DELL\AppData\Local\Coursier\data\bin\.scala-cli.aux.exe, bsp, --json-options, D:\Academic\Scala\Practical\Day8\.scala-build\ide-options-v2.json, --json-launcher-options, D:\Academic\Scala\Practical\Day8\.scala-build\ide-launcher-options.json, --envs-file, D:\Academic\Scala\Practical\Day8\.scala-build\ide-envs.json, D:\Academic\Scala\Practical\Day8)
2024.08.13 08:28:21 INFO  tracing is disabled for protocol BSP, to enable tracing of incoming and outgoing JSON messages create an empty file at D:\Academic\Scala\Practical\Day8\.metals\bsp.trace.json or C:\Users\DELL\AppData\Local\scalameta\metals\cache\bsp.trace.json
2024.08.13 08:28:36 INFO  BSP server: Starting compilation server
2024.08.13 08:28:55 INFO  time: Connected to build server in 36s
2024.08.13 08:28:55 INFO  Connected to Build server: scala-cli v1.3.2
2024.08.13 08:28:55 INFO  time: Imported build in 0.23s
2024.08.13 08:28:55 INFO  running doctor check
2024.08.13 08:28:55 INFO  java targets: Day8_f4dd477a3a-test, Day8_f4dd477a3a
2024.08.13 08:29:55 INFO  Shutting down server
2024.08.13 08:29:55 INFO  shutting down Metals
2024.08.13 08:29:55 INFO  Shut down connection with build server.
2024.08.13 08:29:55 INFO  Exiting server
