2024.08.31 12:29:14 INFO  Started: Metals version 1.3.5 in folders 'D:\Academic\Scala\Practical\Day10' for client Visual Studio Code 1.92.2.
SLF4J(W): Class path contains multiple SLF4J providers.
SLF4J(W): Found provider [scribe.slf4j.ScribeServiceProvider@5dcb7756]
SLF4J(W): Found provider [ch.qos.logback.classic.spi.LogbackServiceProvider@2345962a]
SLF4J(W): See https://www.slf4j.org/codes.html#multiple_bindings for an explanation.
SLF4J(I): Actual provider is of type [scribe.slf4j.ScribeServiceProvider@5dcb7756]
2024.08.31 12:29:15 WARN  Flyway upgrade recommended: H2 2.3.230 is newer than this version of Flyway and support has not been tested. The latest supported version of H2 is 2.2.220.
2024.08.31 12:29:15 INFO  no build target found for D:\Academic\Scala\Practical\Day10\Q1.scala. Using presentation compiler with project's scala-library version: 3.3.3
Aug 31, 2024 12:29:22 PM org.eclipse.lsp4j.jsonrpc.RemoteEndpoint handleCancellation
WARNING: Unmatched cancel notification for request id 3
Aug 31, 2024 12:29:22 PM org.eclipse.lsp4j.jsonrpc.RemoteEndpoint handleCancellation
WARNING: Unmatched cancel notification for request id 6
2024.08.31 12:29:22 INFO  no build target found for D:\Academic\Scala\Practical\Day10\Q1.scala. Using presentation compiler with project's scala-library version: 3.3.3
Aug 31, 2024 12:29:23 PM org.eclipse.lsp4j.jsonrpc.RemoteEndpoint handleCancellation
WARNING: Unmatched cancel notification for request id 2
Aug 31, 2024 12:29:23 PM org.eclipse.lsp4j.jsonrpc.RemoteEndpoint handleCancellation
WARNING: Unmatched cancel notification for request id 8
Aug 31, 2024 12:29:23 PM org.eclipse.lsp4j.jsonrpc.RemoteEndpoint handleCancellation
WARNING: Unmatched cancel notification for request id 11
Aug 31, 2024 12:29:23 PM org.eclipse.lsp4j.jsonrpc.RemoteEndpoint handleCancellation
WARNING: Unmatched cancel notification for request id 9
2024.08.31 12:29:22 INFO  no build target found for D:\Academic\Scala\Practical\Day10\Q1.scala. Using presentation compiler with project's scala-library version: 3.3.3
2024.08.31 12:29:22 INFO  no build target found for D:\Academic\Scala\Practical\Day10\Q1.scala. Using presentation compiler with project's scala-library version: 3.3.3
2024.08.31 12:29:22 INFO  no build target found for D:\Academic\Scala\Practical\Day10\Q1.scala. Using presentation compiler with project's scala-library version: 3.3.3
Aug 31, 2024 12:29:23 PM org.eclipse.lsp4j.jsonrpc.RemoteEndpoint handleCancellation
WARNING: Unmatched cancel notification for request id 10
Aug 31, 2024 12:29:23 PM org.eclipse.lsp4j.jsonrpc.RemoteEndpoint handleCancellation
WARNING: Unmatched cancel notification for request id 22
2024.08.31 12:29:22 INFO  no build target found for D:\Academic\Scala\Practical\Day10\Q1.scala. Using presentation compiler with project's scala-library version: 3.3.3
2024.08.31 12:29:22 INFO  no build target found for D:\Academic\Scala\Practical\Day10\Q1.scala. Using presentation compiler with project's scala-library version: 3.3.3
Aug 31, 2024 12:29:23 PM org.eclipse.lsp4j.jsonrpc.RemoteEndpoint handleCancellation
WARNING: Unmatched cancel notification for request id 21
2024.08.31 12:29:24 INFO  no build target found for D:\Academic\Scala\Practical\Day10\Q1.scala. Using presentation compiler with project's scala-library version: 3.3.3
2024.08.31 12:29:27 INFO  Running List(C:\Users\DELL\AppData\Local\Coursier\data\bin\scala-cli.BAT, setup-ide, D:\Academic\Scala\Practical\Day10)
2024.08.31 12:29:27 INFO  no build target found for D:\Academic\Scala\Practical\Day10\Q1.scala. Using presentation compiler with project's scala-library version: 3.3.3
2024.08.31 12:29:27 INFO  no build target found for D:\Academic\Scala\Practical\Day10\Q1.scala. Using presentation compiler with project's scala-library version: 3.3.3
2024.08.31 12:29:28 INFO  Attempting to connect to the build server...
2024.08.31 12:29:28 INFO  Running BSP server List(C:\Users\DELL\AppData\Local\Coursier\data\bin\.scala-cli.aux.exe, bsp, --json-options, D:\Academic\Scala\Practical\Day10\.scala-build\ide-options-v2.json, --json-launcher-options, D:\Academic\Scala\Practical\Day10\.scala-build\ide-launcher-options.json, --envs-file, D:\Academic\Scala\Practical\Day10\.scala-build\ide-envs.json, D:\Academic\Scala\Practical\Day10)
2024.08.31 12:29:28 INFO  no build target found for D:\Academic\Scala\Practical\Day10\Q1.scala. Using presentation compiler with project's scala-library version: 3.3.3
2024.08.31 12:29:28 INFO  no build target found for D:\Academic\Scala\Practical\Day10\Q1.scala. Using presentation compiler with project's scala-library version: 3.3.3
2024.08.31 12:29:28 INFO  no build target found for D:\Academic\Scala\Practical\Day10\Q1.scala. Using presentation compiler with project's scala-library version: 3.3.3
2024.08.31 12:29:28 INFO  no build target found for D:\Academic\Scala\Practical\Day10\Q1.scala. Using presentation compiler with project's scala-library version: 3.3.3
2024.08.31 12:29:29 INFO  tracing is disabled for protocol BSP, to enable tracing of incoming and outgoing JSON messages create an empty file at D:\Academic\Scala\Practical\Day10\.metals\bsp.trace.json or C:\Users\DELL\AppData\Local\scalameta\metals\cache\bsp.trace.json
2024.08.31 12:29:30 INFO  no build target found for D:\Academic\Scala\Practical\Day10\Q1.scala. Using presentation compiler with project's scala-library version: 3.3.3
2024.08.31 12:29:30 INFO  no build target found for D:\Academic\Scala\Practical\Day10\Q1.scala. Using presentation compiler with project's scala-library version: 3.3.3
2024.08.31 12:29:30 INFO  no build target found for D:\Academic\Scala\Practical\Day10\Q1.scala. Using presentation compiler with project's scala-library version: 3.3.3
2024.08.31 12:29:31 INFO  no build target found for D:\Academic\Scala\Practical\Day10\Q1.scala. Using presentation compiler with project's scala-library version: 3.3.3
2024.08.31 12:29:33 INFO  no build target found for D:\Academic\Scala\Practical\Day10\Q1.scala. Using presentation compiler with project's scala-library version: 3.3.3
2024.08.31 12:29:33 INFO  no build target found for D:\Academic\Scala\Practical\Day10\Q1.scala. Using presentation compiler with project's scala-library version: 3.3.3
2024.08.31 12:29:35 INFO  no build target found for D:\Academic\Scala\Practical\Day10\Q1.scala. Using presentation compiler with project's scala-library version: 3.3.3
2024.08.31 12:29:35 INFO  BSP server: Starting compilation server
2024.08.31 12:29:35 INFO  no build target found for D:\Academic\Scala\Practical\Day10\Q1.scala. Using presentation compiler with project's scala-library version: 3.3.3
2024.08.31 12:29:36 INFO  no build target found for D:\Academic\Scala\Practical\Day10\Q1.scala. Using presentation compiler with project's scala-library version: 3.3.3
2024.08.31 12:29:38 INFO  no build target found for D:\Academic\Scala\Practical\Day10\Q1.scala. Using presentation compiler with project's scala-library version: 3.3.3
2024.08.31 12:29:40 INFO  no build target found for D:\Academic\Scala\Practical\Day10\Q1.scala. Using presentation compiler with project's scala-library version: 3.3.3
2024.08.31 12:29:40 INFO  no build target found for D:\Academic\Scala\Practical\Day10\Q1.scala. Using presentation compiler with project's scala-library version: 3.3.3
2024.08.31 12:29:42 INFO  no build target found for D:\Academic\Scala\Practical\Day10\Q1.scala. Using presentation compiler with project's scala-library version: 3.3.3
2024.08.31 12:29:42 INFO  no build target found for D:\Academic\Scala\Practical\Day10\Q1.scala. Using presentation compiler with project's scala-library version: 3.3.3
2024.08.31 12:29:42 INFO  no build target found for D:\Academic\Scala\Practical\Day10\Q1.scala. Using presentation compiler with project's scala-library version: 3.3.3
2024.08.31 12:29:42 INFO  no build target found for D:\Academic\Scala\Practical\Day10\Q1.scala. Using presentation compiler with project's scala-library version: 3.3.3
2024.08.31 12:29:44 INFO  no build target found for D:\Academic\Scala\Practical\Day10\Q1.scala. Using presentation compiler with project's scala-library version: 3.3.3
2024.08.31 12:29:44 INFO  no build target found for D:\Academic\Scala\Practical\Day10\Q1.scala. Using presentation compiler with project's scala-library version: 3.3.3
2024.08.31 12:29:44 INFO  no build target found for D:\Academic\Scala\Practical\Day10\Q1.scala. Using presentation compiler with project's scala-library version: 3.3.3
2024.08.31 12:29:44 INFO  no build target found for D:\Academic\Scala\Practical\Day10\Q1.scala. Using presentation compiler with project's scala-library version: 3.3.3
2024.08.31 12:29:45 INFO  no build target found for D:\Academic\Scala\Practical\Day10\Q1.scala. Using presentation compiler with project's scala-library version: 3.3.3
2024.08.31 12:29:48 INFO  no build target found for D:\Academic\Scala\Practical\Day10\Q1.scala. Using presentation compiler with project's scala-library version: 3.3.3
2024.08.31 12:29:48 INFO  no build target found for D:\Academic\Scala\Practical\Day10\Q1.scala. Using presentation compiler with project's scala-library version: 3.3.3
2024.08.31 12:29:48 INFO  no build target found for D:\Academic\Scala\Practical\Day10\Q1.scala. Using presentation compiler with project's scala-library version: 3.3.3
2024.08.31 12:29:48 INFO  no build target found for D:\Academic\Scala\Practical\Day10\Q1.scala. Using presentation compiler with project's scala-library version: 3.3.3
2024.08.31 12:29:48 INFO  no build target found for D:\Academic\Scala\Practical\Day10\Q1.scala. Using presentation compiler with project's scala-library version: 3.3.3
2024.08.31 12:29:48 INFO  no build target found for D:\Academic\Scala\Practical\Day10\Q1.scala. Using presentation compiler with project's scala-library version: 3.3.3
2024.08.31 12:29:48 INFO  no build target found for D:\Academic\Scala\Practical\Day10\Q1.scala. Using presentation compiler with project's scala-library version: 3.3.3
2024.08.31 12:29:49 INFO  no build target found for D:\Academic\Scala\Practical\Day10\Q1.scala. Using presentation compiler with project's scala-library version: 3.3.3
2024.08.31 12:29:49 INFO  no build target found for D:\Academic\Scala\Practical\Day10\Q1.scala. Using presentation compiler with project's scala-library version: 3.3.3
2024.08.31 12:29:49 INFO  no build target found for D:\Academic\Scala\Practical\Day10\Q1.scala. Using presentation compiler with project's scala-library version: 3.3.3
2024.08.31 12:29:51 INFO  no build target found for D:\Academic\Scala\Practical\Day10\Q1.scala. Using presentation compiler with project's scala-library version: 3.3.3
2024.08.31 12:29:51 INFO  no build target found for D:\Academic\Scala\Practical\Day10\Q1.scala. Using presentation compiler with project's scala-library version: 3.3.3
2024.08.31 12:29:51 INFO  no build target found for D:\Academic\Scala\Practical\Day10\Q1.scala. Using presentation compiler with project's scala-library version: 3.3.3
2024.08.31 12:29:52 INFO  no build target found for D:\Academic\Scala\Practical\Day10\Q1.scala. Using presentation compiler with project's scala-library version: 3.3.3
2024.08.31 12:29:52 INFO  no build target found for D:\Academic\Scala\Practical\Day10\Q1.scala. Using presentation compiler with project's scala-library version: 3.3.3
2024.08.31 12:29:52 INFO  no build target found for D:\Academic\Scala\Practical\Day10\Q1.scala. Using presentation compiler with project's scala-library version: 3.3.3
2024.08.31 12:29:53 INFO  time: Connected to build server in 25s
2024.08.31 12:29:53 INFO  Connected to Build server: scala-cli v1.3.2
2024.08.31 12:29:54 INFO  no build target found for D:\Academic\Scala\Practical\Day10\Q1.scala. Using presentation compiler with project's scala-library version: 3.3.3
2024.08.31 12:29:54 INFO  no build target found for D:\Academic\Scala\Practical\Day10\Q1.scala. Using presentation compiler with project's scala-library version: 3.3.3
2024.08.31 12:29:54 INFO  no build target found for D:\Academic\Scala\Practical\Day10\Q1.scala. Using presentation compiler with project's scala-library version: 3.3.3
2024.08.31 12:29:54 INFO  no build target found for D:\Academic\Scala\Practical\Day10\Q1.scala. Using presentation compiler with project's scala-library version: 3.3.3
2024.08.31 12:29:54 INFO  no build target found for D:\Academic\Scala\Practical\Day10\Q1.scala. Using presentation compiler with project's scala-library version: 3.3.3
2024.08.31 12:29:54 INFO  no build target found for D:\Academic\Scala\Practical\Day10\Q1.scala. Using presentation compiler with project's scala-library version: 3.3.3
2024.08.31 12:29:54 INFO  no build target found for D:\Academic\Scala\Practical\Day10\Q1.scala. Using presentation compiler with project's scala-library version: 3.3.3
2024.08.31 12:29:55 INFO  compiling day10_f4dd477a3a (4 scala sources)
2024.08.31 12:29:55 INFO  no build target found for D:\Academic\Scala\Practical\Day10\Q1.scala. Using presentation compiler with project's scala-library version: 3.3.3
2024.08.31 12:29:55 INFO  no build target found for D:\Academic\Scala\Practical\Day10\Q1.scala. Using presentation compiler with project's scala-library version: 3.3.3
2024.08.31 12:29:55 INFO  no build target found for D:\Academic\Scala\Practical\Day10\Q1.scala. Using presentation compiler with project's scala-library version: 3.3.3
2024.08.31 12:29:55 INFO  no build target found for D:\Academic\Scala\Practical\Day10\Q1.scala. Using presentation compiler with project's scala-library version: 3.3.3
2024.08.31 12:29:57 INFO  no build target found for D:\Academic\Scala\Practical\Day10\Q1.scala. Using presentation compiler with project's scala-library version: 3.3.3
2024.08.31 12:29:59 INFO  no build target found for D:\Academic\Scala\Practical\Day10\Q1.scala. Using presentation compiler with project's scala-library version: 3.3.3
2024.08.31 12:29:59 INFO  time: Imported build in 6.07s
2024.08.31 12:29:59 INFO  running doctor check
2024.08.31 12:29:59 INFO  java targets: Day10_f4dd477a3a-test, Day10_f4dd477a3a
Aug 31, 2024 12:30:04 PM org.eclipse.lsp4j.jsonrpc.RemoteEndpoint handleCancellation
WARNING: Unmatched cancel notification for request id 199
Aug 31, 2024 12:30:04 PM org.eclipse.lsp4j.jsonrpc.RemoteEndpoint handleCancellation
WARNING: Unmatched cancel notification for request id 197
Aug 31, 2024 12:30:04 PM org.eclipse.lsp4j.jsonrpc.RemoteEndpoint handleCancellation
WARNING: Unmatched cancel notification for request id 203
2024.08.31 12:30:06 WARN  Flyway upgrade recommended: H2 2.3.230 is newer than this version of Flyway and support has not been tested. The latest supported version of H2 is 2.2.220.
2024.08.31 12:30:09 INFO  time: indexed workspace in 9.6s
2024.08.31 12:30:17 INFO  compiling day10_f4dd477a3a (1 scala source)
2024.08.31 12:30:20 INFO  time: compiled Day10_f4dd477a3a in 3.2s
2024.08.31 12:31:23 INFO  compiling day10_f4dd477a3a (1 scala source)
2024.08.31 12:31:25 INFO  time: compiled Day10_f4dd477a3a in 1.33s
2024.08.31 12:32:27 INFO  compiling day10_f4dd477a3a (1 scala source)
2024.08.31 12:32:29 INFO  time: compiled Day10_f4dd477a3a in 1.51s
2024.08.31 12:33:44 INFO  compiling day10_f4dd477a3a (1 scala source)
2024.08.31 12:33:44 INFO  time: compiled Day10_f4dd477a3a in 0.81s
2024.08.31 12:36:04 INFO  compiling day10_f4dd477a3a (1 scala source)
2024.08.31 12:36:06 INFO  time: compiled Day10_f4dd477a3a in 1.35s
Aug 31, 2024 12:37:11 PM org.eclipse.lsp4j.jsonrpc.RemoteEndpoint handleCancellation
WARNING: Unmatched cancel notification for request id 778
Aug 31, 2024 12:37:28 PM org.eclipse.lsp4j.jsonrpc.RemoteEndpoint handleCancellation
WARNING: Unmatched cancel notification for request id 880
Aug 31, 2024 12:38:09 PM org.eclipse.lsp4j.jsonrpc.RemoteEndpoint handleCancellation
WARNING: Unmatched cancel notification for request id 1056
2024.08.31 12:38:53 INFO  compiling day10_f4dd477a3a (1 scala source)
2024.08.31 12:38:55 INFO  time: compiled Day10_f4dd477a3a in 1.97s
2024.08.31 12:38:55 WARN  Could not load snapshot text for D:\Academic\Scala\Practical\Day10\Q2.scala
2024.08.31 12:38:56 WARN  Could not load snapshot text for D:\Academic\Scala\Practical\Day10\Q2.scala
2024.08.31 12:39:21 WARN  Could not load snapshot text for D:\Academic\Scala\Practical\Day10\Q2.scala
2024.08.31 12:39:28 WARN  Could not load snapshot text for D:\Academic\Scala\Practical\Day10\Q2.scala
2024.08.31 12:39:29 WARN  Could not load snapshot text for D:\Academic\Scala\Practical\Day10\Q2.scala
2024.08.31 12:39:29 WARN  Could not load snapshot text for D:\Academic\Scala\Practical\Day10\Q2.scala
2024.08.31 12:39:30 WARN  Could not load snapshot text for D:\Academic\Scala\Practical\Day10\Q2.scala
2024.08.31 12:39:43 WARN  Could not load snapshot text for D:\Academic\Scala\Practical\Day10\Q2.scala
2024.08.31 12:39:43 INFO  compiling day10_f4dd477a3a (1 scala source)
2024.08.31 12:39:43 INFO  time: compiled Day10_f4dd477a3a in 0.69s
2024.08.31 12:39:44 WARN  Could not load snapshot text for D:\Academic\Scala\Practical\Day10\Q2.scala
2024.08.31 12:39:46 WARN  Could not load snapshot text for D:\Academic\Scala\Practical\Day10\Q2.scala
2024.08.31 12:39:47 WARN  Could not load snapshot text for D:\Academic\Scala\Practical\Day10\Q2.scala
2024.08.31 12:39:48 WARN  Could not load snapshot text for D:\Academic\Scala\Practical\Day10\Q2.scala
2024.08.31 12:39:48 WARN  Could not load snapshot text for D:\Academic\Scala\Practical\Day10\Q2.scala
2024.08.31 12:39:49 WARN  Could not load snapshot text for D:\Academic\Scala\Practical\Day10\Q2.scala
2024.08.31 12:39:49 WARN  Could not load snapshot text for D:\Academic\Scala\Practical\Day10\Q2.scala
2024.08.31 12:39:49 WARN  Could not load snapshot text for D:\Academic\Scala\Practical\Day10\Q2.scala
2024.08.31 12:39:50 WARN  Could not load snapshot text for D:\Academic\Scala\Practical\Day10\Q2.scala
2024.08.31 12:39:51 WARN  Could not load snapshot text for D:\Academic\Scala\Practical\Day10\Q2.scala
2024.08.31 12:39:51 WARN  Could not load snapshot text for D:\Academic\Scala\Practical\Day10\Q2.scala
2024.08.31 12:39:52 WARN  Could not load snapshot text for D:\Academic\Scala\Practical\Day10\Q2.scala
2024.08.31 12:39:53 WARN  Could not load snapshot text for D:\Academic\Scala\Practical\Day10\Q2.scala
2024.08.31 12:39:53 WARN  Could not load snapshot text for D:\Academic\Scala\Practical\Day10\Q2.scala
2024.08.31 12:39:56 WARN  Could not load snapshot text for D:\Academic\Scala\Practical\Day10\Q2.scala
2024.08.31 12:39:56 WARN  Could not load snapshot text for D:\Academic\Scala\Practical\Day10\Q2.scala
2024.08.31 12:39:57 WARN  Could not load snapshot text for D:\Academic\Scala\Practical\Day10\Q2.scala
2024.08.31 12:39:58 WARN  Could not load snapshot text for D:\Academic\Scala\Practical\Day10\Q2.scala
2024.08.31 12:39:58 WARN  Could not load snapshot text for D:\Academic\Scala\Practical\Day10\Q2.scala
2024.08.31 12:39:58 WARN  Could not load snapshot text for D:\Academic\Scala\Practical\Day10\Q2.scala
2024.08.31 12:40:00 WARN  Could not load snapshot text for D:\Academic\Scala\Practical\Day10\Q2.scala
2024.08.31 12:40:02 WARN  Could not load snapshot text for D:\Academic\Scala\Practical\Day10\Q2.scala
2024.08.31 12:40:02 WARN  Could not load snapshot text for D:\Academic\Scala\Practical\Day10\Q2.scala
2024.08.31 12:40:03 WARN  Could not load snapshot text for D:\Academic\Scala\Practical\Day10\Q2.scala
2024.08.31 12:40:05 WARN  Could not load snapshot text for D:\Academic\Scala\Practical\Day10\Q2.scala
2024.08.31 12:40:07 WARN  Could not load snapshot text for D:\Academic\Scala\Practical\Day10\Q2.scala
2024.08.31 12:40:08 WARN  Could not load snapshot text for D:\Academic\Scala\Practical\Day10\Q2.scala
2024.08.31 12:40:08 WARN  Could not load snapshot text for D:\Academic\Scala\Practical\Day10\Q2.scala
2024.08.31 12:40:08 WARN  Could not load snapshot text for D:\Academic\Scala\Practical\Day10\Q2.scala
2024.08.31 12:40:09 WARN  Could not load snapshot text for D:\Academic\Scala\Practical\Day10\Q2.scala
2024.08.31 12:40:10 WARN  Could not load snapshot text for D:\Academic\Scala\Practical\Day10\Q2.scala
2024.08.31 12:40:10 WARN  Could not load snapshot text for D:\Academic\Scala\Practical\Day10\Q2.scala
2024.08.31 12:40:11 WARN  Could not load snapshot text for D:\Academic\Scala\Practical\Day10\Q2.scala
2024.08.31 12:40:11 WARN  Could not load snapshot text for D:\Academic\Scala\Practical\Day10\Q2.scala
2024.08.31 12:40:11 WARN  Could not load snapshot text for D:\Academic\Scala\Practical\Day10\Q2.scala
2024.08.31 12:40:12 WARN  Could not load snapshot text for D:\Academic\Scala\Practical\Day10\Q2.scala
2024.08.31 12:40:12 WARN  Could not load snapshot text for D:\Academic\Scala\Practical\Day10\Q2.scala
2024.08.31 12:40:13 WARN  Could not load snapshot text for D:\Academic\Scala\Practical\Day10\Q2.scala
2024.08.31 12:40:13 WARN  Could not load snapshot text for D:\Academic\Scala\Practical\Day10\Q2.scala
2024.08.31 12:40:15 WARN  Could not load snapshot text for D:\Academic\Scala\Practical\Day10\Q2.scala
2024.08.31 12:40:16 WARN  Could not load snapshot text for D:\Academic\Scala\Practical\Day10\Q2.scala
2024.08.31 12:40:17 WARN  Could not load snapshot text for D:\Academic\Scala\Practical\Day10\Q2.scala
2024.08.31 12:40:18 WARN  Could not load snapshot text for D:\Academic\Scala\Practical\Day10\Q2.scala
Aug 31, 2024 12:40:18 PM org.eclipse.lsp4j.jsonrpc.RemoteEndpoint handleCancellation
WARNING: Unmatched cancel notification for request id 1613
2024.08.31 12:40:18 WARN  Could not load snapshot text for D:\Academic\Scala\Practical\Day10\Q2.scala
2024.08.31 12:40:18 WARN  Could not load snapshot text for D:\Academic\Scala\Practical\Day10\Q2.scala
2024.08.31 12:40:19 WARN  Could not load snapshot text for D:\Academic\Scala\Practical\Day10\Q2.scala
2024.08.31 12:40:19 WARN  Could not load snapshot text for D:\Academic\Scala\Practical\Day10\Q2.scala
2024.08.31 12:40:21 WARN  Could not load snapshot text for D:\Academic\Scala\Practical\Day10\Q2.scala
2024.08.31 12:40:21 WARN  Could not load snapshot text for D:\Academic\Scala\Practical\Day10\Q2.scala
2024.08.31 12:40:22 WARN  Could not load snapshot text for D:\Academic\Scala\Practical\Day10\Q2.scala
2024.08.31 12:40:22 WARN  Could not load snapshot text for D:\Academic\Scala\Practical\Day10\Q2.scala
2024.08.31 12:40:23 WARN  Could not load snapshot text for D:\Academic\Scala\Practical\Day10\Q2.scala
2024.08.31 12:40:23 WARN  Could not load snapshot text for D:\Academic\Scala\Practical\Day10\Q2.scala
2024.08.31 12:40:23 WARN  Could not load snapshot text for D:\Academic\Scala\Practical\Day10\Q2.scala
2024.08.31 12:40:28 WARN  Could not load snapshot text for D:\Academic\Scala\Practical\Day10\Q2.scala
2024.08.31 12:40:30 WARN  Could not load snapshot text for D:\Academic\Scala\Practical\Day10\Q2.scala
2024.08.31 12:40:31 WARN  Could not load snapshot text for D:\Academic\Scala\Practical\Day10\Q2.scala
2024.08.31 12:40:31 WARN  Could not load snapshot text for D:\Academic\Scala\Practical\Day10\Q2.scala
2024.08.31 12:40:31 WARN  Could not load snapshot text for D:\Academic\Scala\Practical\Day10\Q2.scala
2024.08.31 12:40:32 WARN  Could not load snapshot text for D:\Academic\Scala\Practical\Day10\Q2.scala
2024.08.31 12:40:33 WARN  Could not load snapshot text for D:\Academic\Scala\Practical\Day10\Q2.scala
2024.08.31 12:40:34 WARN  Could not load snapshot text for D:\Academic\Scala\Practical\Day10\Q2.scala
2024.08.31 12:40:35 WARN  Could not load snapshot text for D:\Academic\Scala\Practical\Day10\Q2.scala
2024.08.31 12:40:35 WARN  Could not load snapshot text for D:\Academic\Scala\Practical\Day10\Q2.scala
2024.08.31 12:40:36 WARN  Could not load snapshot text for D:\Academic\Scala\Practical\Day10\Q2.scala
2024.08.31 12:40:43 WARN  Could not load snapshot text for D:\Academic\Scala\Practical\Day10\Q2.scala
2024.08.31 12:40:43 WARN  Could not load snapshot text for D:\Academic\Scala\Practical\Day10\Q2.scala
2024.08.31 12:40:44 WARN  Could not load snapshot text for D:\Academic\Scala\Practical\Day10\Q2.scala
2024.08.31 12:40:52 WARN  Could not load snapshot text for D:\Academic\Scala\Practical\Day10\Q2.scala
2024.08.31 12:40:52 INFO  compiling day10_f4dd477a3a (1 scala source)
2024.08.31 12:40:52 INFO  time: compiled Day10_f4dd477a3a in 0.78s
2024.08.31 12:40:53 WARN  Could not load snapshot text for D:\Academic\Scala\Practical\Day10\Q2.scala
2024.08.31 12:40:55 WARN  Could not load snapshot text for D:\Academic\Scala\Practical\Day10\Q2.scala
2024.08.31 12:40:57 WARN  Could not load snapshot text for D:\Academic\Scala\Practical\Day10\Q2.scala
2024.08.31 12:40:59 WARN  Could not load snapshot text for D:\Academic\Scala\Practical\Day10\Q2.scala
2024.08.31 12:41:00 WARN  Could not load snapshot text for D:\Academic\Scala\Practical\Day10\Q2.scala
2024.08.31 12:41:01 WARN  Could not load snapshot text for D:\Academic\Scala\Practical\Day10\Q2.scala
2024.08.31 12:41:01 WARN  Could not load snapshot text for D:\Academic\Scala\Practical\Day10\Q2.scala
2024.08.31 12:41:02 WARN  Could not load snapshot text for D:\Academic\Scala\Practical\Day10\Q2.scala
2024.08.31 12:41:02 WARN  Could not load snapshot text for D:\Academic\Scala\Practical\Day10\Q2.scala
2024.08.31 12:41:03 WARN  Could not load snapshot text for D:\Academic\Scala\Practical\Day10\Q2.scala
2024.08.31 12:41:04 WARN  Could not load snapshot text for D:\Academic\Scala\Practical\Day10\Q2.scala
2024.08.31 12:41:05 WARN  Could not load snapshot text for D:\Academic\Scala\Practical\Day10\Q2.scala
Aug 31, 2024 12:41:05 PM org.eclipse.lsp4j.jsonrpc.RemoteEndpoint handleCancellation
WARNING: Unmatched cancel notification for request id 1831
2024.08.31 12:41:05 WARN  Could not load snapshot text for D:\Academic\Scala\Practical\Day10\Q2.scala
2024.08.31 12:41:06 WARN  Could not load snapshot text for D:\Academic\Scala\Practical\Day10\Q2.scala
2024.08.31 12:41:07 WARN  Could not load snapshot text for D:\Academic\Scala\Practical\Day10\Q2.scala
2024.08.31 12:41:09 WARN  Could not load snapshot text for D:\Academic\Scala\Practical\Day10\Q2.scala
2024.08.31 12:41:09 WARN  Could not load snapshot text for D:\Academic\Scala\Practical\Day10\Q2.scala
2024.08.31 12:41:11 WARN  Could not load snapshot text for D:\Academic\Scala\Practical\Day10\Q2.scala
2024.08.31 12:41:12 WARN  Could not load snapshot text for D:\Academic\Scala\Practical\Day10\Q2.scala
2024.08.31 12:41:16 WARN  Could not load snapshot text for D:\Academic\Scala\Practical\Day10\Q2.scala
2024.08.31 12:41:18 WARN  Could not load snapshot text for D:\Academic\Scala\Practical\Day10\Q2.scala
2024.08.31 12:41:29 WARN  Could not load snapshot text for D:\Academic\Scala\Practical\Day10\Q2.scala
2024.08.31 12:41:30 WARN  Could not load snapshot text for D:\Academic\Scala\Practical\Day10\Q2.scala
2024.08.31 12:41:32 WARN  Could not load snapshot text for D:\Academic\Scala\Practical\Day10\Q2.scala
2024.08.31 12:41:34 INFO  compiling day10_f4dd477a3a (1 scala source)
2024.08.31 12:41:34 INFO  time: compiled Day10_f4dd477a3a in 0.31s
2024.08.31 12:41:35 WARN  Could not load snapshot text for D:\Academic\Scala\Practical\Day10\Q2.scala
2024.08.31 12:41:39 WARN  Could not load snapshot text for D:\Academic\Scala\Practical\Day10\Q2.scala
2024.08.31 12:41:54 WARN  Could not load snapshot text for D:\Academic\Scala\Practical\Day10\Q2.scala
2024.08.31 12:42:02 WARN  Could not load snapshot text for D:\Academic\Scala\Practical\Day10\Q2.scala
2024.08.31 12:42:03 WARN  Could not load snapshot text for D:\Academic\Scala\Practical\Day10\Q2.scala
2024.08.31 12:42:03 WARN  Could not load snapshot text for D:\Academic\Scala\Practical\Day10\Q2.scala
2024.08.31 12:42:07 WARN  Could not load snapshot text for D:\Academic\Scala\Practical\Day10\Q2.scala
2024.08.31 12:42:10 WARN  Could not load snapshot text for D:\Academic\Scala\Practical\Day10\Q2.scala
2024.08.31 12:42:10 WARN  Could not load snapshot text for D:\Academic\Scala\Practical\Day10\Q2.scala
2024.08.31 12:42:10 WARN  Could not load snapshot text for D:\Academic\Scala\Practical\Day10\Q2.scala
2024.08.31 12:42:11 WARN  Could not load snapshot text for D:\Academic\Scala\Practical\Day10\Q2.scala
2024.08.31 12:42:13 WARN  Could not load snapshot text for D:\Academic\Scala\Practical\Day10\Q2.scala
2024.08.31 12:42:18 WARN  Could not load snapshot text for D:\Academic\Scala\Practical\Day10\Q2.scala
2024.08.31 12:42:20 WARN  Could not load snapshot text for D:\Academic\Scala\Practical\Day10\Q2.scala
2024.08.31 12:42:20 WARN  Could not load snapshot text for D:\Academic\Scala\Practical\Day10\Q2.scala
2024.08.31 12:42:20 WARN  Could not load snapshot text for D:\Academic\Scala\Practical\Day10\Q2.scala
2024.08.31 12:42:21 WARN  Could not load snapshot text for D:\Academic\Scala\Practical\Day10\Q2.scala
2024.08.31 12:42:21 WARN  Could not load snapshot text for D:\Academic\Scala\Practical\Day10\Q2.scala
2024.08.31 12:42:21 WARN  Could not load snapshot text for D:\Academic\Scala\Practical\Day10\Q2.scala
2024.08.31 12:42:23 WARN  Could not load snapshot text for D:\Academic\Scala\Practical\Day10\Q2.scala
2024.08.31 12:42:24 WARN  Could not load snapshot text for D:\Academic\Scala\Practical\Day10\Q2.scala
2024.08.31 12:42:25 WARN  Could not load snapshot text for D:\Academic\Scala\Practical\Day10\Q2.scala
2024.08.31 12:42:25 WARN  Could not load snapshot text for D:\Academic\Scala\Practical\Day10\Q2.scala
2024.08.31 12:42:26 WARN  Could not load snapshot text for D:\Academic\Scala\Practical\Day10\Q2.scala
2024.08.31 12:42:27 WARN  Could not load snapshot text for D:\Academic\Scala\Practical\Day10\Q2.scala
2024.08.31 12:42:28 WARN  Could not load snapshot text for D:\Academic\Scala\Practical\Day10\Q2.scala
2024.08.31 12:42:28 WARN  Could not load snapshot text for D:\Academic\Scala\Practical\Day10\Q2.scala
2024.08.31 12:42:29 WARN  Could not load snapshot text for D:\Academic\Scala\Practical\Day10\Q2.scala
2024.08.31 12:42:32 WARN  Could not load snapshot text for D:\Academic\Scala\Practical\Day10\Q2.scala
2024.08.31 12:42:33 WARN  Could not load snapshot text for D:\Academic\Scala\Practical\Day10\Q2.scala
2024.08.31 12:42:33 WARN  Could not load snapshot text for D:\Academic\Scala\Practical\Day10\Q2.scala
2024.08.31 12:42:34 WARN  Could not load snapshot text for D:\Academic\Scala\Practical\Day10\Q2.scala
2024.08.31 12:42:34 WARN  Could not load snapshot text for D:\Academic\Scala\Practical\Day10\Q2.scala
2024.08.31 12:42:34 WARN  Could not load snapshot text for D:\Academic\Scala\Practical\Day10\Q2.scala
2024.08.31 12:42:35 WARN  Could not load snapshot text for D:\Academic\Scala\Practical\Day10\Q2.scala
2024.08.31 12:42:34 WARN  Could not load snapshot text for D:\Academic\Scala\Practical\Day10\Q2.scala
2024.08.31 12:42:36 WARN  Could not load snapshot text for D:\Academic\Scala\Practical\Day10\Q2.scala
2024.08.31 12:42:37 WARN  Could not load snapshot text for D:\Academic\Scala\Practical\Day10\Q2.scala
2024.08.31 12:42:40 WARN  Could not load snapshot text for D:\Academic\Scala\Practical\Day10\Q2.scala
2024.08.31 12:42:41 WARN  Could not load snapshot text for D:\Academic\Scala\Practical\Day10\Q2.scala
Aug 31, 2024 12:42:41 PM org.eclipse.lsp4j.jsonrpc.RemoteEndpoint handleCancellation
WARNING: Unmatched cancel notification for request id 2164
2024.08.31 12:42:41 WARN  Could not load snapshot text for D:\Academic\Scala\Practical\Day10\Q2.scala
2024.08.31 12:42:42 WARN  Could not load snapshot text for D:\Academic\Scala\Practical\Day10\Q2.scala
2024.08.31 12:42:43 WARN  Could not load snapshot text for D:\Academic\Scala\Practical\Day10\Q2.scala
2024.08.31 12:42:43 WARN  Could not load snapshot text for D:\Academic\Scala\Practical\Day10\Q2.scala
2024.08.31 12:42:44 WARN  Could not load snapshot text for D:\Academic\Scala\Practical\Day10\Q2.scala
2024.08.31 12:42:46 WARN  Could not load snapshot text for D:\Academic\Scala\Practical\Day10\Q2.scala
2024.08.31 12:42:52 WARN  Could not load snapshot text for D:\Academic\Scala\Practical\Day10\Q2.scala
2024.08.31 12:42:52 WARN  Could not load snapshot text for D:\Academic\Scala\Practical\Day10\Q2.scala
2024.08.31 12:42:53 WARN  Could not load snapshot text for D:\Academic\Scala\Practical\Day10\Q2.scala
2024.08.31 12:42:55 WARN  Could not load snapshot text for D:\Academic\Scala\Practical\Day10\Q2.scala
2024.08.31 12:42:58 WARN  Could not load snapshot text for D:\Academic\Scala\Practical\Day10\Q2.scala
2024.08.31 12:43:01 WARN  Could not load snapshot text for D:\Academic\Scala\Practical\Day10\Q2.scala
2024.08.31 12:43:05 WARN  Could not load snapshot text for D:\Academic\Scala\Practical\Day10\Q2.scala
2024.08.31 12:43:05 WARN  Could not load snapshot text for D:\Academic\Scala\Practical\Day10\Q2.scala
2024.08.31 12:43:05 WARN  Could not load snapshot text for D:\Academic\Scala\Practical\Day10\Q2.scala
2024.08.31 12:43:07 WARN  Could not load snapshot text for D:\Academic\Scala\Practical\Day10\Q2.scala
2024.08.31 12:43:08 WARN  Could not load snapshot text for D:\Academic\Scala\Practical\Day10\Q2.scala
2024.08.31 12:43:08 WARN  Could not load snapshot text for D:\Academic\Scala\Practical\Day10\Q2.scala
2024.08.31 12:43:09 WARN  Could not load snapshot text for D:\Academic\Scala\Practical\Day10\Q2.scala
2024.08.31 12:43:08 WARN  Could not load snapshot text for D:\Academic\Scala\Practical\Day10\Q2.scala
2024.08.31 12:43:10 WARN  Could not load snapshot text for D:\Academic\Scala\Practical\Day10\Q2.scala
2024.08.31 12:43:11 WARN  Could not load snapshot text for D:\Academic\Scala\Practical\Day10\Q2.scala
2024.08.31 12:43:11 WARN  Could not load snapshot text for D:\Academic\Scala\Practical\Day10\Q2.scala
2024.08.31 12:43:12 WARN  Could not load snapshot text for D:\Academic\Scala\Practical\Day10\Q2.scala
2024.08.31 12:43:12 WARN  Could not load snapshot text for D:\Academic\Scala\Practical\Day10\Q2.scala
2024.08.31 12:43:14 WARN  Could not load snapshot text for D:\Academic\Scala\Practical\Day10\Q2.scala
2024.08.31 12:43:14 WARN  Could not load snapshot text for D:\Academic\Scala\Practical\Day10\Q2.scala
2024.08.31 12:43:15 WARN  Could not load snapshot text for D:\Academic\Scala\Practical\Day10\Q2.scala
2024.08.31 12:43:15 WARN  Could not load snapshot text for D:\Academic\Scala\Practical\Day10\Q2.scala
2024.08.31 12:43:15 WARN  Could not load snapshot text for D:\Academic\Scala\Practical\Day10\Q2.scala
2024.08.31 12:43:16 WARN  Could not load snapshot text for D:\Academic\Scala\Practical\Day10\Q2.scala
2024.08.31 12:43:15 WARN  Could not load snapshot text for D:\Academic\Scala\Practical\Day10\Q2.scala
2024.08.31 12:43:18 WARN  Could not load snapshot text for D:\Academic\Scala\Practical\Day10\Q2.scala
2024.08.31 12:43:19 WARN  Could not load snapshot text for D:\Academic\Scala\Practical\Day10\Q2.scala
2024.08.31 12:43:19 WARN  Could not load snapshot text for D:\Academic\Scala\Practical\Day10\Q2.scala
2024.08.31 12:43:20 WARN  Could not load snapshot text for D:\Academic\Scala\Practical\Day10\Q2.scala
2024.08.31 12:43:32 WARN  Could not load snapshot text for D:\Academic\Scala\Practical\Day10\Q2.scala
2024.08.31 12:43:32 INFO  compiling day10_f4dd477a3a (1 scala source)
2024.08.31 12:43:32 INFO  time: compiled Day10_f4dd477a3a in 0.57s
2024.08.31 12:43:33 WARN  Could not load snapshot text for D:\Academic\Scala\Practical\Day10\Q2.scala
2024.08.31 12:43:42 WARN  Could not load snapshot text for D:\Academic\Scala\Practical\Day10\Q2.scala
2024.08.31 12:43:49 WARN  Could not load snapshot text for D:\Academic\Scala\Practical\Day10\Q2.scala
2024.08.31 12:43:49 INFO  compiling day10_f4dd477a3a (1 scala source)
2024.08.31 12:43:49 INFO  time: compiled Day10_f4dd477a3a in 0.39s
2024.08.31 12:43:50 WARN  Could not load snapshot text for D:\Academic\Scala\Practical\Day10\Q2.scala
2024.08.31 12:43:54 WARN  Could not load snapshot text for D:\Academic\Scala\Practical\Day10\Q2.scala
2024.08.31 12:43:56 WARN  Could not load snapshot text for D:\Academic\Scala\Practical\Day10\Q2.scala
2024.08.31 12:43:56 WARN  Could not load snapshot text for D:\Academic\Scala\Practical\Day10\Q2.scala
2024.08.31 12:43:56 WARN  Could not load snapshot text for D:\Academic\Scala\Practical\Day10\Q2.scala
2024.08.31 12:43:56 WARN  Could not load snapshot text for D:\Academic\Scala\Practical\Day10\Q2.scala
2024.08.31 12:44:02 WARN  Could not load snapshot text for D:\Academic\Scala\Practical\Day10\Q2.scala
2024.08.31 12:44:03 INFO  compiling day10_f4dd477a3a (1 scala source)
2024.08.31 12:44:03 INFO  time: compiled Day10_f4dd477a3a in 0.46s
2024.08.31 12:44:03 WARN  Could not load snapshot text for D:\Academic\Scala\Practical\Day10\Q2.scala
2024.08.31 12:44:07 WARN  Could not load snapshot text for D:\Academic\Scala\Practical\Day10\Q2.scala
2024.08.31 12:44:07 WARN  Could not load snapshot text for D:\Academic\Scala\Practical\Day10\Q2.scala
2024.08.31 12:44:08 WARN  Could not load snapshot text for D:\Academic\Scala\Practical\Day10\Q2.scala
2024.08.31 12:44:08 WARN  Could not load snapshot text for D:\Academic\Scala\Practical\Day10\Q2.scala
2024.08.31 12:44:08 WARN  Could not load snapshot text for D:\Academic\Scala\Practical\Day10\Q2.scala
2024.08.31 12:44:09 WARN  Could not load snapshot text for D:\Academic\Scala\Practical\Day10\Q2.scala
2024.08.31 12:44:10 WARN  Could not load snapshot text for D:\Academic\Scala\Practical\Day10\Q2.scala
2024.08.31 12:44:13 WARN  Could not load snapshot text for D:\Academic\Scala\Practical\Day10\Q2.scala
2024.08.31 12:44:13 WARN  Could not load snapshot text for D:\Academic\Scala\Practical\Day10\Q2.scala
2024.08.31 12:44:13 WARN  Could not load snapshot text for D:\Academic\Scala\Practical\Day10\Q2.scala
2024.08.31 12:44:14 WARN  Could not load snapshot text for D:\Academic\Scala\Practical\Day10\Q2.scala
2024.08.31 12:44:33 WARN  Could not load snapshot text for D:\Academic\Scala\Practical\Day10\Q2.scala
2024.08.31 12:44:33 INFO  compiling day10_f4dd477a3a (1 scala source)
2024.08.31 12:44:33 INFO  time: compiled Day10_f4dd477a3a in 0.46s
2024.08.31 12:44:34 WARN  Could not load snapshot text for D:\Academic\Scala\Practical\Day10\Q2.scala
2024.08.31 12:44:41 INFO  compiling day10_f4dd477a3a (1 scala source)
2024.08.31 12:44:41 INFO  time: compiled Day10_f4dd477a3a in 0.27s
2024.08.31 12:44:41 WARN  Could not load snapshot text for D:\Academic\Scala\Practical\Day10\Q2.scala
2024.08.31 12:44:43 WARN  Could not load snapshot text for D:\Academic\Scala\Practical\Day10\Q2.scala
2024.08.31 12:44:46 INFO  compiling day10_f4dd477a3a (1 scala source)
2024.08.31 12:44:46 INFO  time: compiled Day10_f4dd477a3a in 0.24s
2024.08.31 12:44:47 WARN  Could not load snapshot text for D:\Academic\Scala\Practical\Day10\Q2.scala
2024.08.31 12:45:00 WARN  Could not load snapshot text for D:\Academic\Scala\Practical\Day10\Q2.scala
2024.08.31 12:45:07 WARN  Could not load snapshot text for D:\Academic\Scala\Practical\Day10\Q2.scala
2024.08.31 12:45:07 WARN  Could not load snapshot text for D:\Academic\Scala\Practical\Day10\Q2.scala
2024.08.31 12:45:10 WARN  Could not load snapshot text for D:\Academic\Scala\Practical\Day10\Q2.scala
2024.08.31 12:45:10 WARN  Could not load snapshot text for D:\Academic\Scala\Practical\Day10\Q2.scala
2024.08.31 12:45:13 WARN  Could not load snapshot text for D:\Academic\Scala\Practical\Day10\Q2.scala
2024.08.31 12:45:14 WARN  Could not load snapshot text for D:\Academic\Scala\Practical\Day10\Q2.scala
2024.08.31 12:45:14 WARN  Could not load snapshot text for D:\Academic\Scala\Practical\Day10\Q2.scala
2024.08.31 12:45:14 WARN  Could not load snapshot text for D:\Academic\Scala\Practical\Day10\Q2.scala
2024.08.31 12:45:15 WARN  Could not load snapshot text for D:\Academic\Scala\Practical\Day10\Q2.scala
2024.08.31 12:45:15 WARN  Could not load snapshot text for D:\Academic\Scala\Practical\Day10\Q2.scala
2024.08.31 12:45:16 WARN  Could not load snapshot text for D:\Academic\Scala\Practical\Day10\Q2.scala
2024.08.31 12:45:16 WARN  Could not load snapshot text for D:\Academic\Scala\Practical\Day10\Q2.scala
2024.08.31 12:45:17 WARN  Could not load snapshot text for D:\Academic\Scala\Practical\Day10\Q2.scala
2024.08.31 12:45:18 WARN  Could not load snapshot text for D:\Academic\Scala\Practical\Day10\Q2.scala
2024.08.31 12:45:19 WARN  Could not load snapshot text for D:\Academic\Scala\Practical\Day10\Q2.scala
2024.08.31 12:45:20 WARN  Could not load snapshot text for D:\Academic\Scala\Practical\Day10\Q2.scala
2024.08.31 12:45:21 WARN  Could not load snapshot text for D:\Academic\Scala\Practical\Day10\Q2.scala
2024.08.31 12:45:22 WARN  Could not load snapshot text for D:\Academic\Scala\Practical\Day10\Q2.scala
2024.08.31 12:45:23 WARN  Could not load snapshot text for D:\Academic\Scala\Practical\Day10\Q2.scala
2024.08.31 12:45:24 WARN  Could not load snapshot text for D:\Academic\Scala\Practical\Day10\Q2.scala
2024.08.31 12:45:26 WARN  Could not load snapshot text for D:\Academic\Scala\Practical\Day10\Q2.scala
2024.08.31 12:45:27 WARN  Could not load snapshot text for D:\Academic\Scala\Practical\Day10\Q2.scala
2024.08.31 12:45:28 WARN  Could not load snapshot text for D:\Academic\Scala\Practical\Day10\Q2.scala
2024.08.31 12:45:28 WARN  Could not load snapshot text for D:\Academic\Scala\Practical\Day10\Q2.scala
2024.08.31 12:45:29 WARN  Could not load snapshot text for D:\Academic\Scala\Practical\Day10\Q2.scala
2024.08.31 12:45:30 WARN  Could not load snapshot text for D:\Academic\Scala\Practical\Day10\Q2.scala
2024.08.31 12:45:30 WARN  Could not load snapshot text for D:\Academic\Scala\Practical\Day10\Q2.scala
2024.08.31 12:45:31 WARN  Could not load snapshot text for D:\Academic\Scala\Practical\Day10\Q2.scala
2024.08.31 12:45:31 WARN  Could not load snapshot text for D:\Academic\Scala\Practical\Day10\Q2.scala
2024.08.31 12:45:32 WARN  Could not load snapshot text for D:\Academic\Scala\Practical\Day10\Q2.scala
2024.08.31 12:45:32 WARN  Could not load snapshot text for D:\Academic\Scala\Practical\Day10\Q2.scala
2024.08.31 12:45:33 WARN  Could not load snapshot text for D:\Academic\Scala\Practical\Day10\Q2.scala
2024.08.31 12:45:34 WARN  Could not load snapshot text for D:\Academic\Scala\Practical\Day10\Q2.scala
2024.08.31 12:45:35 WARN  Could not load snapshot text for D:\Academic\Scala\Practical\Day10\Q2.scala
2024.08.31 12:45:36 WARN  Could not load snapshot text for D:\Academic\Scala\Practical\Day10\Q2.scala
2024.08.31 12:45:36 WARN  Could not load snapshot text for D:\Academic\Scala\Practical\Day10\Q2.scala
2024.08.31 12:45:37 WARN  Could not load snapshot text for D:\Academic\Scala\Practical\Day10\Q2.scala
2024.08.31 12:45:53 WARN  Could not load snapshot text for D:\Academic\Scala\Practical\Day10\Q2.scala
2024.08.31 12:45:54 INFO  compiling day10_f4dd477a3a (1 scala source)
2024.08.31 12:45:55 INFO  time: compiled Day10_f4dd477a3a in 1.54s
2024.08.31 12:46:32 INFO  compiling day10_f4dd477a3a (1 scala source)
2024.08.31 12:46:32 INFO  time: compiled Day10_f4dd477a3a in 0.93s
2024.08.31 12:47:30 WARN  Could not load snapshot text for D:\Academic\Scala\Practical\Day10\Q2.scala
2024.08.31 12:47:31 INFO  compiling day10_f4dd477a3a (1 scala source)
2024.08.31 12:47:33 INFO  time: compiled Day10_f4dd477a3a in 2.05s
2024.08.31 12:47:33 WARN  Could not load snapshot text for D:\Academic\Scala\Practical\Day10\Q2.scala
2024.08.31 12:47:41 WARN  Could not load snapshot text for D:\Academic\Scala\Practical\Day10\Q2.scala
2024.08.31 12:47:42 WARN  Could not load snapshot text for D:\Academic\Scala\Practical\Day10\Q2.scala
2024.08.31 12:47:46 WARN  Could not load snapshot text for D:\Academic\Scala\Practical\Day10\Q2.scala
2024.08.31 12:47:47 WARN  Could not load snapshot text for D:\Academic\Scala\Practical\Day10\Q2.scala
2024.08.31 12:47:48 WARN  Could not load snapshot text for D:\Academic\Scala\Practical\Day10\Q2.scala
2024.08.31 12:47:48 WARN  Could not load snapshot text for D:\Academic\Scala\Practical\Day10\Q2.scala
2024.08.31 12:47:48 WARN  Could not load snapshot text for D:\Academic\Scala\Practical\Day10\Q2.scala
2024.08.31 12:47:49 WARN  Could not load snapshot text for D:\Academic\Scala\Practical\Day10\Q2.scala
2024.08.31 12:47:52 INFO  compiling day10_f4dd477a3a (1 scala source)
2024.08.31 12:47:52 INFO  time: compiled Day10_f4dd477a3a in 0.22s
2024.08.31 12:47:52 WARN  Could not load snapshot text for D:\Academic\Scala\Practical\Day10\Q2.scala
2024.08.31 12:47:54 INFO  compiling day10_f4dd477a3a (1 scala source)
2024.08.31 12:47:54 INFO  time: compiled Day10_f4dd477a3a in 0.21s
2024.08.31 12:47:55 WARN  Could not load snapshot text for D:\Academic\Scala\Practical\Day10\Q2.scala
2024.08.31 12:48:30 WARN  Could not load snapshot text for D:\Academic\Scala\Practical\Day10\Q2.scala
2024.08.31 12:48:31 WARN  Could not load snapshot text for D:\Academic\Scala\Practical\Day10\Q2.scala
2024.08.31 12:48:34 INFO  compiling day10_f4dd477a3a (1 scala source)
2024.08.31 12:48:34 INFO  time: compiled Day10_f4dd477a3a in 0.61s
2024.08.31 16:05:30 INFO  compiling day10_f4dd477a3a (1 scala source)
2024.08.31 16:05:32 INFO  time: compiled Day10_f4dd477a3a in 2.29s
2024.08.31 16:05:54 INFO  compiling day10_f4dd477a3a (1 scala source)
2024.08.31 16:05:55 INFO  time: compiled Day10_f4dd477a3a in 1.53s
2024.08.31 16:06:01 INFO  no build target found for D:\Academic\Scala\Practical\Day10\Q5.scala. Using presentation compiler with project's scala-library version: 3.3.3
2024.08.31 16:06:03 INFO  compiling day10_f4dd477a3a (1 scala source)
2024.08.31 16:06:03 INFO  time: compiled Day10_f4dd477a3a in 0.23s
2024.08.31 16:06:03 INFO  time: Imported build in 1.16s
2024.08.31 16:06:03 INFO  running doctor check
2024.08.31 16:06:03 INFO  java targets: Day10_f4dd477a3a-test, Day10_f4dd477a3a
2024.08.31 16:06:09 INFO  time: indexed workspace in 5.5s
2024.08.31 16:07:17 INFO  compiling day10_f4dd477a3a (1 scala source)
2024.08.31 16:07:18 INFO  time: compiled Day10_f4dd477a3a in 1.03s
